2025-03-13 11:43:47 - utils.logger - INFO - Initializing CLI interface
2025-03-13 11:52:28 - utils.logger - INFO - Initializing CLI interface
2025-03-13 11:53:14 - utils.logger - INFO - Initializing CLI interface
2025-03-13 11:53:27 - utils.logger - INFO - Running test: data_loader
2025-03-13 11:57:31 - utils.logger - INFO - Initializing CLI interface
2025-03-13 11:57:39 - utils.logger - INFO - Running test: data_loader
2025-03-13 11:57:40 - utils.logger - INFO - Starting data loader test
2025-03-13 11:57:40 - utils.logger - INFO - Loading CSV files from data directory.
2025-03-13 11:57:40 - utils.logger - INFO - Loading alegias.csv as 'alegias'.
2025-03-13 11:57:40 - utils.logger - INFO - Loading condiciones.csv as 'condiciones'.
2025-03-13 11:57:40 - utils.logger - INFO - Loading encuentros.csv as 'encuentros'.
2025-03-13 11:57:40 - utils.logger - INFO - Loading medicationes.csv as 'medicationes'.
2025-03-13 11:57:40 - utils.logger - INFO - Loading pacientes.csv as 'pacientes'.
2025-03-13 11:57:40 - utils.logger - INFO - Loading procedimientos.csv as 'procedimientos'.
2025-03-13 11:57:40 - utils.logger - INFO - CSV files loaded successfully.
2025-03-13 11:57:40 - utils.logger - INFO - Successfully loaded 6 datasets
2025-03-13 11:57:40 - utils.logger - INFO - Table 'alegias' has 100 rows
2025-03-13 11:57:40 - utils.logger - INFO - Table 'condiciones' has 100 rows
2025-03-13 11:57:40 - utils.logger - INFO - Table 'encuentros' has 112 rows
2025-03-13 11:57:40 - utils.logger - INFO - Table 'medicationes' has 100 rows
2025-03-13 11:57:40 - utils.logger - INFO - Table 'pacientes' has 33 rows
2025-03-13 11:57:40 - utils.logger - INFO - Table 'procedimientos' has 100 rows
2025-03-13 21:31:19 - utils.logger - INFO - Initializing CLI interface
2025-03-13 21:31:26 - utils.logger - INFO - Running test: data_manager
2025-03-13 21:31:26 - utils.logger - ERROR - Error running test data_manager: No module named 'root'
2025-03-13 21:35:47 - utils.logger - INFO - Initializing CLI interface
2025-03-13 21:35:56 - utils.logger - INFO - Running test: data_manager
2025-03-13 21:35:57 - utils.logger - INFO - Starting data manager test
2025-03-13 21:35:57 - utils.logger - INFO - Loading CSV files from data directory.
2025-03-13 21:35:57 - utils.logger - ERROR - Error loading CSV files: [Errno 2] No such file or directory: 'data\\patients.csv'
2025-03-13 21:35:57 - utils.logger - ERROR - Test failed: Data loading should succeed
2025-03-13 21:35:57 - utils.logger - ERROR - Error running test data_manager: Data loading should succeed
2025-03-13 21:39:39 - utils.logger - INFO - Running test: data_manager
2025-03-13 21:39:39 - utils.logger - INFO - Starting data manager test
2025-03-13 21:39:39 - utils.logger - INFO - Loading CSV files from data directory.
2025-03-13 21:39:39 - utils.logger - ERROR - Error loading CSV files: [Errno 2] No such file or directory: 'data\\patients.csv'
2025-03-13 21:39:39 - utils.logger - ERROR - Test failed: Data loading should succeed
2025-03-13 21:39:39 - utils.logger - ERROR - Error running test data_manager: Data loading should succeed
2025-03-13 21:39:49 - utils.logger - INFO - Initializing CLI interface
2025-03-13 21:39:57 - utils.logger - INFO - Running test: data_manager
2025-03-13 21:39:58 - utils.logger - INFO - Starting data manager test
2025-03-13 21:39:58 - utils.logger - INFO - Loading CSV files from data directory.
2025-03-13 21:39:58 - utils.logger - INFO - Merging alegias data.
2025-03-13 21:39:58 - utils.logger - INFO - Merging condiciones data.
2025-03-13 21:39:58 - utils.logger - INFO - Merging encuentros data.
2025-03-13 21:39:58 - utils.logger - INFO - Merging medicationes data.
2025-03-13 21:39:58 - utils.logger - INFO - Merging procedimientos data.
2025-03-13 21:39:58 - utils.logger - INFO - Data loading and merging completed successfully.
2025-03-13 21:39:58 - utils.logger - INFO - Successfully loaded dataset with 12854 rows
2025-03-13 21:39:58 - utils.logger - INFO - Current cohort matches full dataset
2025-03-13 21:39:58 - utils.logger - INFO - Starting data cleaning process.
2025-03-13 21:39:58 - utils.logger - INFO - Data cleaning completed.
2025-03-13 21:39:58 - utils.logger - INFO - Data cleaning completed successfully
2025-03-13 21:41:38 - utils.logger - INFO - Running test: data_manager
2025-03-13 21:41:38 - utils.logger - INFO - Starting data manager test
2025-03-13 21:41:38 - utils.logger - INFO - Loading CSV files from data directory.
2025-03-13 21:41:38 - utils.logger - INFO - Merging alegias data.
2025-03-13 21:41:38 - utils.logger - INFO - Merging condiciones data.
2025-03-13 21:41:38 - utils.logger - INFO - Merging encuentros data.
2025-03-13 21:41:38 - utils.logger - INFO - Merging medicationes data.
2025-03-13 21:41:38 - utils.logger - INFO - Merging procedimientos data.
2025-03-13 21:41:38 - utils.logger - INFO - Data loading and merging completed successfully.
2025-03-13 21:41:38 - utils.logger - INFO - Successfully loaded dataset with 12854 rows
2025-03-13 21:41:38 - utils.logger - INFO - Current cohort matches full dataset
2025-03-13 21:41:38 - utils.logger - INFO - Starting data cleaning process.
2025-03-13 21:41:38 - utils.logger - INFO - Data cleaning completed.
2025-03-13 21:41:38 - utils.logger - INFO - Data cleaning completed successfully
2025-03-13 21:41:50 - utils.logger - INFO - Initializing CLI interface
2025-03-13 21:41:56 - utils.logger - INFO - Running test: data_manager
2025-03-13 21:41:56 - utils.logger - INFO - Starting data manager test
2025-03-13 21:41:56 - utils.logger - INFO - Loading CSV files from data directory.
2025-03-13 21:41:56 - utils.logger - INFO - Merging alegias data.
2025-03-13 21:41:56 - utils.logger - INFO - Merging condiciones data.
2025-03-13 21:41:56 - utils.logger - INFO - Merging encuentros data.
2025-03-13 21:41:56 - utils.logger - INFO - Merging medicationes data.
2025-03-13 21:41:56 - utils.logger - INFO - Merging procedimientos data.
2025-03-13 21:41:56 - utils.logger - INFO - Data loading and merging completed successfully.
2025-03-13 21:41:56 - utils.logger - INFO - Successfully loaded dataset with 12854 rows
2025-03-13 21:41:56 - utils.logger - INFO - Current cohort matches full dataset
2025-03-13 21:41:56 - utils.logger - INFO - Starting data cleaning process.
2025-03-13 21:41:56 - utils.logger - INFO - Data cleaning completed.
2025-03-13 21:41:56 - utils.logger - INFO - Data cleaning completed successfully
